

Started GET "/" for 127.0.0.1 at 2015-04-24 11:52:36 +0100
Processing by Rails::WelcomeController#index as HTML
  Rendered /Users/Bart/.rvm/gems/ruby-2.2.1/gems/railties-4.0.1/lib/rails/templates/rails/welcome/index.html.erb (1.4ms)
Completed 200 OK in 18ms (Views: 9.4ms | ActiveRecord: 0.0ms)


Started GET "/" for 127.0.0.1 at 2015-04-29 11:29:44 +0100
Processing by Rails::WelcomeController#index as HTML
  Rendered /Users/Bart/.rvm/gems/ruby-2.2.1/gems/railties-4.0.1/lib/rails/templates/rails/welcome/index.html.erb (2.5ms)
Completed 200 OK in 28ms (Views: 15.2ms | ActiveRecord: 0.0ms)


Started GET "/" for 127.0.0.1 at 2015-04-29 11:35:16 +0100
Processing by Rails::WelcomeController#index as HTML
  Rendered /Users/Bart/.rvm/gems/ruby-2.2.1/gems/railties-4.0.1/lib/rails/templates/rails/welcome/index.html.erb (1.6ms)
Completed 200 OK in 18ms (Views: 9.5ms | ActiveRecord: 0.0ms)


Started GET "/" for 127.0.0.1 at 2015-04-29 11:36:10 +0100
Processing by Rails::WelcomeController#index as HTML
  Rendered /Users/Bart/.rvm/gems/ruby-2.2.1/gems/railties-4.0.1/lib/rails/templates/rails/welcome/index.html.erb (1.5ms)
Completed 200 OK in 18ms (Views: 9.5ms | ActiveRecord: 0.0ms)


Started GET "/" for 127.0.0.1 at 2015-04-29 11:39:25 +0100
Processing by Rails::WelcomeController#index as HTML
  Rendered /Users/Bart/.rvm/gems/ruby-2.2.1/gems/railties-4.0.1/lib/rails/templates/rails/welcome/index.html.erb (1.7ms)
Completed 200 OK in 19ms (Views: 10.7ms | ActiveRecord: 0.0ms)


Started GET "/" for 127.0.0.1 at 2015-04-29 11:40:15 +0100
Processing by Rails::WelcomeController#index as HTML
  Rendered /Users/Bart/.rvm/gems/ruby-2.2.1/gems/railties-4.0.1/lib/rails/templates/rails/welcome/index.html.erb (0.1ms)
Completed 200 OK in 5ms (Views: 4.8ms | ActiveRecord: 0.0ms)


Started GET "/" for 127.0.0.1 at 2015-04-29 11:41:30 +0100
Processing by Rails::WelcomeController#index as HTML
  Rendered /Users/Bart/.rvm/gems/ruby-2.2.1/gems/railties-4.0.1/lib/rails/templates/rails/welcome/index.html.erb (1.4ms)
Completed 200 OK in 18ms (Views: 9.5ms | ActiveRecord: 0.0ms)


Started GET "/" for 127.0.0.1 at 2015-04-29 11:41:55 +0100
Processing by Rails::WelcomeController#index as HTML
  Rendered /Users/Bart/.rvm/gems/ruby-2.2.1/gems/railties-4.0.1/lib/rails/templates/rails/welcome/index.html.erb (1.5ms)
Completed 200 OK in 19ms (Views: 9.6ms | ActiveRecord: 0.0ms)


Started GET "/" for 127.0.0.1 at 2015-04-29 11:42:25 +0100
Processing by Rails::WelcomeController#index as HTML
  Rendered /Users/Bart/.rvm/gems/ruby-2.2.1/gems/railties-4.0.1/lib/rails/templates/rails/welcome/index.html.erb (0.0ms)
Completed 200 OK in 5ms (Views: 4.3ms | ActiveRecord: 0.0ms)


Started GET "/rails/info/properties" for 127.0.0.1 at 2015-04-29 11:42:28 +0100
Processing by Rails::InfoController#properties as */*
  Rendered /Users/Bart/.rvm/gems/ruby-2.2.1/gems/railties-4.0.1/lib/rails/templates/rails/info/properties.html.erb (0.4ms)
Completed 200 OK in 43ms (Views: 35.0ms | ActiveRecord: 2.0ms)


Started GET "/" for 127.0.0.1 at 2015-04-29 11:59:18 +0100
Processing by WelcomeController#index as HTML
  Rendered welcome/index.html.erb (1.1ms)
Completed 200 OK in 20ms (Views: 11.6ms | ActiveRecord: 0.0ms)


Started GET "/" for 127.0.0.1 at 2015-04-29 12:17:50 +0100

Gem::LoadError (Specified 'postgresql' for database adapter, but the gem is not loaded. Add `gem 'pg'` to your Gemfile.):
  activerecord (4.0.1) lib/active_record/connection_adapters/connection_specification.rb:58:in `rescue in resolve_hash_connection'
  activerecord (4.0.1) lib/active_record/connection_adapters/connection_specification.rb:55:in `resolve_hash_connection'
  activerecord (4.0.1) lib/active_record/connection_adapters/connection_specification.rb:46:in `resolve_string_connection'
  activerecord (4.0.1) lib/active_record/connection_adapters/connection_specification.rb:30:in `spec'
  activerecord (4.0.1) lib/active_record/connection_handling.rb:39:in `establish_connection'
  activerecord (4.0.1) lib/active_record/railtie.rb:176:in `block (2 levels) in <class:Railtie>'
  activesupport (4.0.1) lib/active_support/lazy_load_hooks.rb:38:in `instance_eval'
  activesupport (4.0.1) lib/active_support/lazy_load_hooks.rb:38:in `execute_hook'
  activesupport (4.0.1) lib/active_support/lazy_load_hooks.rb:45:in `block in run_load_hooks'
  activesupport (4.0.1) lib/active_support/lazy_load_hooks.rb:44:in `each'
  activesupport (4.0.1) lib/active_support/lazy_load_hooks.rb:44:in `run_load_hooks'
  activerecord (4.0.1) lib/active_record/base.rb:322:in `<module:ActiveRecord>'
  activerecord (4.0.1) lib/active_record/base.rb:22:in `<top (required)>'
  activerecord (4.0.1) lib/active_record/query_cache.rb:50:in `restore_query_cache_settings'
  activerecord (4.0.1) lib/active_record/query_cache.rb:43:in `rescue in call'
  activerecord (4.0.1) lib/active_record/query_cache.rb:32:in `call'
  activerecord (4.0.1) lib/active_record/connection_adapters/abstract/connection_pool.rb:626:in `call'
  activerecord (4.0.1) lib/active_record/migration.rb:369:in `call'
  actionpack (4.0.1) lib/action_dispatch/middleware/callbacks.rb:29:in `block in call'
  activesupport (4.0.1) lib/active_support/callbacks.rb:373:in `_run__1751621322059519960__call__callbacks'
  activesupport (4.0.1) lib/active_support/callbacks.rb:80:in `run_callbacks'
  actionpack (4.0.1) lib/action_dispatch/middleware/callbacks.rb:27:in `call'
  actionpack (4.0.1) lib/action_dispatch/middleware/reloader.rb:64:in `call'
  actionpack (4.0.1) lib/action_dispatch/middleware/remote_ip.rb:76:in `call'
  actionpack (4.0.1) lib/action_dispatch/middleware/debug_exceptions.rb:17:in `call'
  actionpack (4.0.1) lib/action_dispatch/middleware/show_exceptions.rb:30:in `call'
  railties (4.0.1) lib/rails/rack/logger.rb:38:in `call_app'
  railties (4.0.1) lib/rails/rack/logger.rb:20:in `block in call'
  activesupport (4.0.1) lib/active_support/tagged_logging.rb:67:in `block in tagged'
  activesupport (4.0.1) lib/active_support/tagged_logging.rb:25:in `tagged'
  activesupport (4.0.1) lib/active_support/tagged_logging.rb:67:in `tagged'
  railties (4.0.1) lib/rails/rack/logger.rb:20:in `call'
  actionpack (4.0.1) lib/action_dispatch/middleware/request_id.rb:21:in `call'
  rack (1.5.2) lib/rack/methodoverride.rb:21:in `call'
  rack (1.5.2) lib/rack/runtime.rb:17:in `call'
  activesupport (4.0.1) lib/active_support/cache/strategy/local_cache.rb:83:in `call'
  rack (1.5.2) lib/rack/lock.rb:17:in `call'
  actionpack (4.0.1) lib/action_dispatch/middleware/static.rb:64:in `call'
  rack (1.5.2) lib/rack/sendfile.rb:112:in `call'
  railties (4.0.1) lib/rails/engine.rb:511:in `call'
  railties (4.0.1) lib/rails/application.rb:97:in `call'
  rack (1.5.2) lib/rack/lock.rb:17:in `call'
  rack (1.5.2) lib/rack/content_length.rb:14:in `call'
  rack (1.5.2) lib/rack/handler/webrick.rb:60:in `service'
  /Users/Bart/.rvm/rubies/ruby-2.2.1/lib/ruby/2.2.0/webrick/httpserver.rb:138:in `service'
  /Users/Bart/.rvm/rubies/ruby-2.2.1/lib/ruby/2.2.0/webrick/httpserver.rb:94:in `run'
  /Users/Bart/.rvm/rubies/ruby-2.2.1/lib/ruby/2.2.0/webrick/server.rb:294:in `block in start_thread'


  Rendered /Users/Bart/.rvm/gems/ruby-2.2.1/gems/actionpack-4.0.1/lib/action_dispatch/middleware/templates/rescues/_source.erb (0.9ms)
  Rendered /Users/Bart/.rvm/gems/ruby-2.2.1/gems/actionpack-4.0.1/lib/action_dispatch/middleware/templates/rescues/_trace.erb (1.1ms)
  Rendered /Users/Bart/.rvm/gems/ruby-2.2.1/gems/actionpack-4.0.1/lib/action_dispatch/middleware/templates/rescues/_request_and_response.erb (1.0ms)
  Rendered /Users/Bart/.rvm/gems/ruby-2.2.1/gems/actionpack-4.0.1/lib/action_dispatch/middleware/templates/rescues/diagnostics.erb within rescues/layout (58.5ms)


Started GET "/" for 127.0.0.1 at 2015-04-29 12:20:34 +0100

PG::ConnectionBad (could not connect to server: No such file or directory
	Is the server running locally and accepting
	connections on Unix domain socket "/tmp/.s.PGSQL.5432"?
):
  activerecord (4.0.1) lib/active_record/connection_adapters/postgresql_adapter.rb:831:in `initialize'
  activerecord (4.0.1) lib/active_record/connection_adapters/postgresql_adapter.rb:831:in `new'
  activerecord (4.0.1) lib/active_record/connection_adapters/postgresql_adapter.rb:831:in `connect'
  activerecord (4.0.1) lib/active_record/connection_adapters/postgresql_adapter.rb:548:in `initialize'
  activerecord (4.0.1) lib/active_record/connection_adapters/postgresql_adapter.rb:41:in `new'
  activerecord (4.0.1) lib/active_record/connection_adapters/postgresql_adapter.rb:41:in `postgresql_connection'
  activerecord (4.0.1) lib/active_record/connection_adapters/abstract/connection_pool.rb:440:in `new_connection'
  activerecord (4.0.1) lib/active_record/connection_adapters/abstract/connection_pool.rb:450:in `checkout_new_connection'
  activerecord (4.0.1) lib/active_record/connection_adapters/abstract/connection_pool.rb:421:in `acquire_connection'
  activerecord (4.0.1) lib/active_record/connection_adapters/abstract/connection_pool.rb:356:in `block in checkout'
  /Users/Bart/.rvm/rubies/ruby-2.2.1/lib/ruby/2.2.0/monitor.rb:211:in `mon_synchronize'
  activerecord (4.0.1) lib/active_record/connection_adapters/abstract/connection_pool.rb:355:in `checkout'
  activerecord (4.0.1) lib/active_record/connection_adapters/abstract/connection_pool.rb:265:in `block in connection'
  /Users/Bart/.rvm/rubies/ruby-2.2.1/lib/ruby/2.2.0/monitor.rb:211:in `mon_synchronize'
  activerecord (4.0.1) lib/active_record/connection_adapters/abstract/connection_pool.rb:264:in `connection'
  activerecord (4.0.1) lib/active_record/connection_adapters/abstract/connection_pool.rb:546:in `retrieve_connection'
  activerecord (4.0.1) lib/active_record/connection_handling.rb:79:in `retrieve_connection'
  activerecord (4.0.1) lib/active_record/connection_handling.rb:53:in `connection'
  activerecord (4.0.1) lib/active_record/query_cache.rb:51:in `restore_query_cache_settings'
  activerecord (4.0.1) lib/active_record/query_cache.rb:43:in `rescue in call'
  activerecord (4.0.1) lib/active_record/query_cache.rb:32:in `call'
  activerecord (4.0.1) lib/active_record/connection_adapters/abstract/connection_pool.rb:626:in `call'
  activerecord (4.0.1) lib/active_record/migration.rb:369:in `call'
  actionpack (4.0.1) lib/action_dispatch/middleware/callbacks.rb:29:in `block in call'
  activesupport (4.0.1) lib/active_support/callbacks.rb:373:in `_run__2429336480017894809__call__callbacks'
  activesupport (4.0.1) lib/active_support/callbacks.rb:80:in `run_callbacks'
  actionpack (4.0.1) lib/action_dispatch/middleware/callbacks.rb:27:in `call'
  actionpack (4.0.1) lib/action_dispatch/middleware/reloader.rb:64:in `call'
  actionpack (4.0.1) lib/action_dispatch/middleware/remote_ip.rb:76:in `call'
  actionpack (4.0.1) lib/action_dispatch/middleware/debug_exceptions.rb:17:in `call'
  actionpack (4.0.1) lib/action_dispatch/middleware/show_exceptions.rb:30:in `call'
  railties (4.0.1) lib/rails/rack/logger.rb:38:in `call_app'
  railties (4.0.1) lib/rails/rack/logger.rb:20:in `block in call'
  activesupport (4.0.1) lib/active_support/tagged_logging.rb:67:in `block in tagged'
  activesupport (4.0.1) lib/active_support/tagged_logging.rb:25:in `tagged'
  activesupport (4.0.1) lib/active_support/tagged_logging.rb:67:in `tagged'
  railties (4.0.1) lib/rails/rack/logger.rb:20:in `call'
  actionpack (4.0.1) lib/action_dispatch/middleware/request_id.rb:21:in `call'
  rack (1.5.2) lib/rack/methodoverride.rb:21:in `call'
  rack (1.5.2) lib/rack/runtime.rb:17:in `call'
  activesupport (4.0.1) lib/active_support/cache/strategy/local_cache.rb:83:in `call'
  rack (1.5.2) lib/rack/lock.rb:17:in `call'
  actionpack (4.0.1) lib/action_dispatch/middleware/static.rb:64:in `call'
  rack (1.5.2) lib/rack/sendfile.rb:112:in `call'
  railties (4.0.1) lib/rails/engine.rb:511:in `call'
  railties (4.0.1) lib/rails/application.rb:97:in `call'
  rack (1.5.2) lib/rack/lock.rb:17:in `call'
  rack (1.5.2) lib/rack/content_length.rb:14:in `call'
  rack (1.5.2) lib/rack/handler/webrick.rb:60:in `service'
  /Users/Bart/.rvm/rubies/ruby-2.2.1/lib/ruby/2.2.0/webrick/httpserver.rb:138:in `service'
  /Users/Bart/.rvm/rubies/ruby-2.2.1/lib/ruby/2.2.0/webrick/httpserver.rb:94:in `run'
  /Users/Bart/.rvm/rubies/ruby-2.2.1/lib/ruby/2.2.0/webrick/server.rb:294:in `block in start_thread'


  Rendered /Users/Bart/.rvm/gems/ruby-2.2.1/gems/actionpack-4.0.1/lib/action_dispatch/middleware/templates/rescues/_source.erb (0.6ms)
  Rendered /Users/Bart/.rvm/gems/ruby-2.2.1/gems/actionpack-4.0.1/lib/action_dispatch/middleware/templates/rescues/_trace.erb (1.2ms)
  Rendered /Users/Bart/.rvm/gems/ruby-2.2.1/gems/actionpack-4.0.1/lib/action_dispatch/middleware/templates/rescues/_request_and_response.erb (0.9ms)
  Rendered /Users/Bart/.rvm/gems/ruby-2.2.1/gems/actionpack-4.0.1/lib/action_dispatch/middleware/templates/rescues/diagnostics.erb within rescues/layout (48.4ms)


Started GET "/" for 127.0.0.1 at 2015-04-29 14:35:11 +0100

PG::ConnectionBad (FATAL:  database "app-dev" does not exist
):
  activerecord (4.0.1) lib/active_record/connection_adapters/postgresql_adapter.rb:831:in `initialize'
  activerecord (4.0.1) lib/active_record/connection_adapters/postgresql_adapter.rb:831:in `new'
  activerecord (4.0.1) lib/active_record/connection_adapters/postgresql_adapter.rb:831:in `connect'
  activerecord (4.0.1) lib/active_record/connection_adapters/postgresql_adapter.rb:548:in `initialize'
  activerecord (4.0.1) lib/active_record/connection_adapters/postgresql_adapter.rb:41:in `new'
  activerecord (4.0.1) lib/active_record/connection_adapters/postgresql_adapter.rb:41:in `postgresql_connection'
  activerecord (4.0.1) lib/active_record/connection_adapters/abstract/connection_pool.rb:440:in `new_connection'
  activerecord (4.0.1) lib/active_record/connection_adapters/abstract/connection_pool.rb:450:in `checkout_new_connection'
  activerecord (4.0.1) lib/active_record/connection_adapters/abstract/connection_pool.rb:421:in `acquire_connection'
  activerecord (4.0.1) lib/active_record/connection_adapters/abstract/connection_pool.rb:356:in `block in checkout'
  /Users/Bart/.rvm/rubies/ruby-2.2.1/lib/ruby/2.2.0/monitor.rb:211:in `mon_synchronize'
  activerecord (4.0.1) lib/active_record/connection_adapters/abstract/connection_pool.rb:355:in `checkout'
  activerecord (4.0.1) lib/active_record/connection_adapters/abstract/connection_pool.rb:265:in `block in connection'
  /Users/Bart/.rvm/rubies/ruby-2.2.1/lib/ruby/2.2.0/monitor.rb:211:in `mon_synchronize'
  activerecord (4.0.1) lib/active_record/connection_adapters/abstract/connection_pool.rb:264:in `connection'
  activerecord (4.0.1) lib/active_record/connection_adapters/abstract/connection_pool.rb:546:in `retrieve_connection'
  activerecord (4.0.1) lib/active_record/connection_handling.rb:79:in `retrieve_connection'
  activerecord (4.0.1) lib/active_record/connection_handling.rb:53:in `connection'
  activerecord (4.0.1) lib/active_record/migration.rb:792:in `current_version'
  activerecord (4.0.1) lib/active_record/migration.rb:800:in `needs_migration?'
  activerecord (4.0.1) lib/active_record/migration.rb:379:in `check_pending!'
  activerecord (4.0.1) lib/active_record/migration.rb:366:in `call'
  actionpack (4.0.1) lib/action_dispatch/middleware/callbacks.rb:29:in `block in call'
  activesupport (4.0.1) lib/active_support/callbacks.rb:373:in `_run__2578642588498195491__call__callbacks'
  activesupport (4.0.1) lib/active_support/callbacks.rb:80:in `run_callbacks'
  actionpack (4.0.1) lib/action_dispatch/middleware/callbacks.rb:27:in `call'
  actionpack (4.0.1) lib/action_dispatch/middleware/reloader.rb:64:in `call'
  actionpack (4.0.1) lib/action_dispatch/middleware/remote_ip.rb:76:in `call'
  actionpack (4.0.1) lib/action_dispatch/middleware/debug_exceptions.rb:17:in `call'
  actionpack (4.0.1) lib/action_dispatch/middleware/show_exceptions.rb:30:in `call'
  railties (4.0.1) lib/rails/rack/logger.rb:38:in `call_app'
  railties (4.0.1) lib/rails/rack/logger.rb:20:in `block in call'
  activesupport (4.0.1) lib/active_support/tagged_logging.rb:67:in `block in tagged'
  activesupport (4.0.1) lib/active_support/tagged_logging.rb:25:in `tagged'
  activesupport (4.0.1) lib/active_support/tagged_logging.rb:67:in `tagged'
  railties (4.0.1) lib/rails/rack/logger.rb:20:in `call'
  actionpack (4.0.1) lib/action_dispatch/middleware/request_id.rb:21:in `call'
  rack (1.5.2) lib/rack/methodoverride.rb:21:in `call'
  rack (1.5.2) lib/rack/runtime.rb:17:in `call'
  activesupport (4.0.1) lib/active_support/cache/strategy/local_cache.rb:83:in `call'
  rack (1.5.2) lib/rack/lock.rb:17:in `call'
  actionpack (4.0.1) lib/action_dispatch/middleware/static.rb:64:in `call'
  rack (1.5.2) lib/rack/sendfile.rb:112:in `call'
  railties (4.0.1) lib/rails/engine.rb:511:in `call'
  railties (4.0.1) lib/rails/application.rb:97:in `call'
  rack (1.5.2) lib/rack/lock.rb:17:in `call'
  rack (1.5.2) lib/rack/content_length.rb:14:in `call'
  rack (1.5.2) lib/rack/handler/webrick.rb:60:in `service'
  /Users/Bart/.rvm/rubies/ruby-2.2.1/lib/ruby/2.2.0/webrick/httpserver.rb:138:in `service'
  /Users/Bart/.rvm/rubies/ruby-2.2.1/lib/ruby/2.2.0/webrick/httpserver.rb:94:in `run'
  /Users/Bart/.rvm/rubies/ruby-2.2.1/lib/ruby/2.2.0/webrick/server.rb:294:in `block in start_thread'


  Rendered /Users/Bart/.rvm/gems/ruby-2.2.1/gems/actionpack-4.0.1/lib/action_dispatch/middleware/templates/rescues/_source.erb (0.6ms)
  Rendered /Users/Bart/.rvm/gems/ruby-2.2.1/gems/actionpack-4.0.1/lib/action_dispatch/middleware/templates/rescues/_trace.erb (1.1ms)
  Rendered /Users/Bart/.rvm/gems/ruby-2.2.1/gems/actionpack-4.0.1/lib/action_dispatch/middleware/templates/rescues/_request_and_response.erb (0.9ms)
  Rendered /Users/Bart/.rvm/gems/ruby-2.2.1/gems/actionpack-4.0.1/lib/action_dispatch/middleware/templates/rescues/diagnostics.erb within rescues/layout (48.8ms)
